This is pdfTeX, Version 3.14159265-2.6-1.40.16 (TeX Live 2015/Debian) (preloaded format=pdflatex 2018.3.31)  7 JUN 2018 22:30
entering extended mode
 restricted \write18 enabled.
 %&-line parsing enabled.
**bare_jrnl.tex
(./bare_jrnl.tex
LaTeX2e <2016/02/01>
Babel <3.9q> and hyphenation patterns for 81 language(s) loaded.
(./IEEEtran.cls
Document Class: IEEEtran 2015/08/26 V1.8b by Michael Shell
-- See the "IEEEtran_HOWTO" manual for usage information.
-- http://www.michaelshell.org/tex/ieeetran/
\@IEEEtrantmpdimenA=\dimen102
\@IEEEtrantmpdimenB=\dimen103
\@IEEEtrantmpdimenC=\dimen104
\@IEEEtrantmpcountA=\count79
\@IEEEtrantmpcountB=\count80
\@IEEEtrantmpcountC=\count81
\@IEEEtrantmptoksA=\toks14
LaTeX Font Info:    Try loading font information for OT1+ptm on input line 503.

(/usr/share/texlive/texmf-dist/tex/latex/psnfss/ot1ptm.fd
File: ot1ptm.fd 2001/06/04 font definitions for OT1/ptm.
)
-- Using 8.5in x 11in (letter) paper.
-- Using PDF output.
\@IEEEnormalsizeunitybaselineskip=\dimen105
-- This is a 10 point document.
\CLASSINFOnormalsizebaselineskip=\dimen106
\CLASSINFOnormalsizeunitybaselineskip=\dimen107
\IEEEnormaljot=\dimen108
LaTeX Font Info:    Font shape `OT1/ptm/bx/n' in size <5> not available
(Font)              Font shape `OT1/ptm/b/n' tried instead on input line 1090.
LaTeX Font Info:    Font shape `OT1/ptm/bx/it' in size <5> not available
(Font)              Font shape `OT1/ptm/b/it' tried instead on input line 1090.

LaTeX Font Info:    Font shape `OT1/ptm/bx/n' in size <7> not available
(Font)              Font shape `OT1/ptm/b/n' tried instead on input line 1090.
LaTeX Font Info:    Font shape `OT1/ptm/bx/it' in size <7> not available
(Font)              Font shape `OT1/ptm/b/it' tried instead on input line 1090.

LaTeX Font Info:    Font shape `OT1/ptm/bx/n' in size <8> not available
(Font)              Font shape `OT1/ptm/b/n' tried instead on input line 1090.
LaTeX Font Info:    Font shape `OT1/ptm/bx/it' in size <8> not available
(Font)              Font shape `OT1/ptm/b/it' tried instead on input line 1090.

LaTeX Font Info:    Font shape `OT1/ptm/bx/n' in size <9> not available
(Font)              Font shape `OT1/ptm/b/n' tried instead on input line 1090.
LaTeX Font Info:    Font shape `OT1/ptm/bx/it' in size <9> not available
(Font)              Font shape `OT1/ptm/b/it' tried instead on input line 1090.

LaTeX Font Info:    Font shape `OT1/ptm/bx/n' in size <10> not available
(Font)              Font shape `OT1/ptm/b/n' tried instead on input line 1090.
LaTeX Font Info:    Font shape `OT1/ptm/bx/it' in size <10> not available
(Font)              Font shape `OT1/ptm/b/it' tried instead on input line 1090.

LaTeX Font Info:    Font shape `OT1/ptm/bx/n' in size <11> not available
(Font)              Font shape `OT1/ptm/b/n' tried instead on input line 1090.
LaTeX Font Info:    Font shape `OT1/ptm/bx/it' in size <11> not available
(Font)              Font shape `OT1/ptm/b/it' tried instead on input line 1090.

LaTeX Font Info:    Font shape `OT1/ptm/bx/n' in size <12> not available
(Font)              Font shape `OT1/ptm/b/n' tried instead on input line 1090.
LaTeX Font Info:    Font shape `OT1/ptm/bx/it' in size <12> not available
(Font)              Font shape `OT1/ptm/b/it' tried instead on input line 1090.

LaTeX Font Info:    Font shape `OT1/ptm/bx/n' in size <17> not available
(Font)              Font shape `OT1/ptm/b/n' tried instead on input line 1090.
LaTeX Font Info:    Font shape `OT1/ptm/bx/it' in size <17> not available
(Font)              Font shape `OT1/ptm/b/it' tried instead on input line 1090.

LaTeX Font Info:    Font shape `OT1/ptm/bx/n' in size <20> not available
(Font)              Font shape `OT1/ptm/b/n' tried instead on input line 1090.
LaTeX Font Info:    Font shape `OT1/ptm/bx/it' in size <20> not available
(Font)              Font shape `OT1/ptm/b/it' tried instead on input line 1090.

LaTeX Font Info:    Font shape `OT1/ptm/bx/n' in size <24> not available
(Font)              Font shape `OT1/ptm/b/n' tried instead on input line 1090.
LaTeX Font Info:    Font shape `OT1/ptm/bx/it' in size <24> not available
(Font)              Font shape `OT1/ptm/b/it' tried instead on input line 1090.

\IEEEquantizedlength=\dimen109
\IEEEquantizedlengthdiff=\dimen110
\IEEEquantizedtextheightdiff=\dimen111
\IEEEilabelindentA=\dimen112
\IEEEilabelindentB=\dimen113
\IEEEilabelindent=\dimen114
\IEEEelabelindent=\dimen115
\IEEEdlabelindent=\dimen116
\IEEElabelindent=\dimen117
\IEEEiednormlabelsep=\dimen118
\IEEEiedmathlabelsep=\dimen119
\IEEEiedtopsep=\skip41
\c@section=\count82
\c@subsection=\count83
\c@subsubsection=\count84
\c@paragraph=\count85
\c@IEEEsubequation=\count86
\abovecaptionskip=\skip42
\belowcaptionskip=\skip43
\c@figure=\count87
\c@table=\count88
\@IEEEeqnnumcols=\count89
\@IEEEeqncolcnt=\count90
\@IEEEsubeqnnumrollback=\count91
\@IEEEquantizeheightA=\dimen120
\@IEEEquantizeheightB=\dimen121
\@IEEEquantizeheightC=\dimen122
\@IEEEquantizeprevdepth=\dimen123
\@IEEEquantizemultiple=\count92
\@IEEEquantizeboxA=\box26
\@IEEEtmpitemindent=\dimen124
\IEEEPARstartletwidth=\dimen125
\c@IEEEbiography=\count93
\@IEEEtranrubishbin=\box27
) (/usr/share/texlive/texmf-dist/tex/generic/oberdiek/ifpdf.sty
Package: ifpdf 2011/01/30 v2.3 Provides the ifpdf switch (HO)
Package ifpdf Info: pdfTeX in PDF mode is detected.
)
(/usr/share/texlive/texmf-dist/tex/latex/graphics/graphicx.sty
Package: graphicx 2014/10/28 v1.0g Enhanced LaTeX Graphics (DPC,SPQR)

(/usr/share/texlive/texmf-dist/tex/latex/graphics/keyval.sty
Package: keyval 2014/10/28 v1.15 key=value parser (DPC)
\KV@toks@=\toks15
)
(/usr/share/texlive/texmf-dist/tex/latex/graphics/graphics.sty
Package: graphics 2016/01/03 v1.0q Standard LaTeX Graphics (DPC,SPQR)

(/usr/share/texlive/texmf-dist/tex/latex/graphics/trig.sty
Package: trig 2016/01/03 v1.10 sin cos tan (DPC)
)
(/usr/share/texlive/texmf-dist/tex/latex/latexconfig/graphics.cfg
File: graphics.cfg 2010/04/23 v1.9 graphics configuration of TeX Live
)
Package graphics Info: Driver file: pdftex.def on input line 95.

(/usr/share/texlive/texmf-dist/tex/latex/pdftex-def/pdftex.def
File: pdftex.def 2011/05/27 v0.06d Graphics/color for pdfTeX

(/usr/share/texlive/texmf-dist/tex/generic/oberdiek/infwarerr.sty
Package: infwarerr 2010/04/08 v1.3 Providing info/warning/error messages (HO)
)
(/usr/share/texlive/texmf-dist/tex/generic/oberdiek/ltxcmds.sty
Package: ltxcmds 2011/11/09 v1.22 LaTeX kernel commands for general use (HO)
)
\Gread@gobject=\count94
))
\Gin@req@height=\dimen126
\Gin@req@width=\dimen127
)
(/usr/share/texlive/texmf-dist/tex/latex/amsmath/amsmath.sty
Package: amsmath 2016/03/03 v2.15a AMS math features
\@mathmargin=\skip44

For additional information on amsmath, use the `?' option.
(/usr/share/texlive/texmf-dist/tex/latex/amsmath/amstext.sty
Package: amstext 2000/06/29 v2.01 AMS text

(/usr/share/texlive/texmf-dist/tex/latex/amsmath/amsgen.sty
File: amsgen.sty 1999/11/30 v2.0 generic functions
\@emptytoks=\toks16
\ex@=\dimen128
))
(/usr/share/texlive/texmf-dist/tex/latex/amsmath/amsbsy.sty
Package: amsbsy 1999/11/29 v1.2d Bold Symbols
\pmbraise@=\dimen129
)
(/usr/share/texlive/texmf-dist/tex/latex/amsmath/amsopn.sty
Package: amsopn 1999/12/14 v2.01 operator names
)
\inf@bad=\count95
LaTeX Info: Redefining \frac on input line 199.
\uproot@=\count96
\leftroot@=\count97
LaTeX Info: Redefining \overline on input line 297.
\classnum@=\count98
\DOTSCASE@=\count99
LaTeX Info: Redefining \ldots on input line 394.
LaTeX Info: Redefining \dots on input line 397.
LaTeX Info: Redefining \cdots on input line 518.
\Mathstrutbox@=\box28
\strutbox@=\box29
\big@size=\dimen130
LaTeX Font Info:    Redeclaring font encoding OML on input line 630.
LaTeX Font Info:    Redeclaring font encoding OMS on input line 631.
\macc@depth=\count100
\c@MaxMatrixCols=\count101
\dotsspace@=\muskip10
\c@parentequation=\count102
\dspbrk@lvl=\count103
\tag@help=\toks17
\row@=\count104
\column@=\count105
\maxfields@=\count106
\andhelp@=\toks18
\eqnshift@=\dimen131
\alignsep@=\dimen132
\tagshift@=\dimen133
\tagwidth@=\dimen134
\totwidth@=\dimen135
\lineht@=\dimen136
\@envbody=\toks19
\multlinegap=\skip45
\multlinetaggap=\skip46
\mathdisplay@stack=\toks20
LaTeX Info: Redefining \[ on input line 2735.
LaTeX Info: Redefining \] on input line 2736.
)
(/usr/share/texlive/texmf-dist/tex/latex/algorithms/algorithmic.sty
Package: algorithmic 2009/08/24 v0.1 Document Style `algorithmic'

(/usr/share/texlive/texmf-dist/tex/latex/base/ifthen.sty
Package: ifthen 2014/09/29 v1.1c Standard LaTeX ifthen package (DPC)
)
\c@ALC@unique=\count107
\c@ALC@line=\count108
\c@ALC@rem=\count109
\c@ALC@depth=\count110
\ALC@tlm=\skip47
\algorithmicindent=\skip48
)
(/usr/share/texlive/texmf-dist/tex/latex/tools/array.sty
Package: array 2014/10/28 v2.4c Tabular extension package (FMi)
\col@sep=\dimen137
\extrarowheight=\dimen138
\NC@list=\toks21
\extratabsurround=\skip49
\backup@length=\skip50
)
(/usr/share/texlive/texmf-dist/tex/latex/url/url.sty
\Urlmuskip=\muskip11
Package: url 2013/09/16  ver 3.4  Verb mode for urls, etc.
) (./bare_jrnl.aux

LaTeX Warning: Label `fig' multiply defined.


LaTeX Warning: Label `fig' multiply defined.


LaTeX Warning: Label `fig' multiply defined.


LaTeX Warning: Label `fig' multiply defined.


LaTeX Warning: Label `fig' multiply defined.


LaTeX Warning: Label `fig' multiply defined.


LaTeX Warning: Label `fig' multiply defined.


LaTeX Warning: Label `fig' multiply defined.


LaTeX Warning: Label `fig' multiply defined.


LaTeX Warning: Label `fig' multiply defined.


LaTeX Warning: Label `fig' multiply defined.


LaTeX Warning: Label `fig' multiply defined.


LaTeX Warning: Label `fig' multiply defined.


LaTeX Warning: Label `fig' multiply defined.


LaTeX Warning: Label `fig' multiply defined.


LaTeX Warning: Label `fig' multiply defined.


LaTeX Warning: Label `fig' multiply defined.


LaTeX Warning: Label `fig' multiply defined.


LaTeX Warning: Label `fig' multiply defined.


LaTeX Warning: Label `fig' multiply defined.


LaTeX Warning: Label `fig' multiply defined.


LaTeX Warning: Label `fig' multiply defined.


LaTeX Warning: Label `fig' multiply defined.


LaTeX Warning: Label `fig' multiply defined.


LaTeX Warning: Label `IEEEhowto:kopka' multiply defined.


LaTeX Warning: Label `IEEEhowto:kopka' multiply defined.


LaTeX Warning: Label `fig' multiply defined.


LaTeX Warning: Label `IEEEhowto:kopka' multiply defined.


LaTeX Warning: Label `IEEEhowto:kopka' multiply defined.


LaTeX Warning: Label `IEEEhowto:kopka' multiply defined.


LaTeX Warning: Label `IEEEhowto:kopka' multiply defined.


LaTeX Warning: Label `IEEEhowto:kopka' multiply defined.


LaTeX Warning: Label `IEEEhowto:kopka' multiply defined.


LaTeX Warning: Label `IEEEhowto:kopka' multiply defined.


LaTeX Warning: Label `IEEEhowto:kopka' multiply defined.


LaTeX Warning: Label `IEEEhowto:kopka' multiply defined.


LaTeX Warning: Label `IEEEhowto:kopka' multiply defined.


LaTeX Warning: Label `IEEEhowto:kopka' multiply defined.


LaTeX Warning: Label `IEEEhowto:kopka' multiply defined.


LaTeX Warning: Label `IEEEhowto:kopka' multiply defined.


LaTeX Warning: Label `IEEEhowto:kopka' multiply defined.


LaTeX Warning: Label `IEEEhowto:kopka' multiply defined.


LaTeX Warning: Label `fig' multiply defined.


LaTeX Warning: Label `fig' multiply defined.

)
\openout1 = `bare_jrnl.aux'.

LaTeX Font Info:    Checking defaults for OML/cmm/m/it on input line 353.
LaTeX Font Info:    ... okay on input line 353.
LaTeX Font Info:    Checking defaults for T1/cmr/m/n on input line 353.
LaTeX Font Info:    ... okay on input line 353.
LaTeX Font Info:    Checking defaults for OT1/cmr/m/n on input line 353.
LaTeX Font Info:    ... okay on input line 353.
LaTeX Font Info:    Checking defaults for OMS/cmsy/m/n on input line 353.
LaTeX Font Info:    ... okay on input line 353.
LaTeX Font Info:    Checking defaults for OMX/cmex/m/n on input line 353.
LaTeX Font Info:    ... okay on input line 353.
LaTeX Font Info:    Checking defaults for U/cmr/m/n on input line 353.
LaTeX Font Info:    ... okay on input line 353.

-- Lines per column: 58 (exact).
(/usr/share/texlive/texmf-dist/tex/context/base/supp-pdf.mkii
[Loading MPS to PDF converter (version 2006.09.02).]
\scratchcounter=\count111
\scratchdimen=\dimen139
\scratchbox=\box30
\nofMPsegments=\count112
\nofMParguments=\count113
\everyMPshowfont=\toks22
\MPscratchCnt=\count114
\MPscratchDim=\dimen140
\MPnumerator=\count115
\makeMPintoPDFobject=\count116
\everyMPtoPDFconversion=\toks23
) (/usr/share/texlive/texmf-dist/tex/generic/oberdiek/pdftexcmds.sty
Package: pdftexcmds 2011/11/29 v0.20 Utility functions of pdfTeX for LuaTeX (HO
)

(/usr/share/texlive/texmf-dist/tex/generic/oberdiek/ifluatex.sty
Package: ifluatex 2010/03/01 v1.3 Provides the ifluatex switch (HO)
Package ifluatex Info: LuaTeX not detected.
)
Package pdftexcmds Info: LuaTeX not detected.
Package pdftexcmds Info: \pdf@primitive is available.
Package pdftexcmds Info: \pdf@ifprimitive is available.
Package pdftexcmds Info: \pdfdraftmode found.
)
(/usr/share/texlive/texmf-dist/tex/latex/oberdiek/epstopdf-base.sty
Package: epstopdf-base 2010/02/09 v2.5 Base part for package epstopdf

(/usr/share/texlive/texmf-dist/tex/latex/oberdiek/grfext.sty
Package: grfext 2010/08/19 v1.1 Manage graphics extensions (HO)

(/usr/share/texlive/texmf-dist/tex/generic/oberdiek/kvdefinekeys.sty
Package: kvdefinekeys 2011/04/07 v1.3 Define keys (HO)
))
(/usr/share/texlive/texmf-dist/tex/latex/oberdiek/kvoptions.sty
Package: kvoptions 2011/06/30 v3.11 Key value format for package options (HO)

(/usr/share/texlive/texmf-dist/tex/generic/oberdiek/kvsetkeys.sty
Package: kvsetkeys 2012/04/25 v1.16 Key value parser (HO)

(/usr/share/texlive/texmf-dist/tex/generic/oberdiek/etexcmds.sty
Package: etexcmds 2011/02/16 v1.5 Avoid name clashes with e-TeX commands (HO)
Package etexcmds Info: Could not find \expanded.
(etexcmds)             That can mean that you are not using pdfTeX 1.50 or
(etexcmds)             that some package has redefined \expanded.
(etexcmds)             In the latter case, load this package earlier.
)))
Package grfext Info: Graphics extension search list:
(grfext)             [.png,.pdf,.jpg,.mps,.jpeg,.jbig2,.jb2,.PNG,.PDF,.JPG,.JPE
G,.JBIG2,.JB2,.eps]
(grfext)             \AppendGraphicsExtensions on input line 452.

(/usr/share/texlive/texmf-dist/tex/latex/latexconfig/epstopdf-sys.cfg
File: epstopdf-sys.cfg 2010/07/13 v1.3 Configuration of (r)epstopdf for TeX Liv
e
))
Missing character: There is no ‚ in font ptmb7t!
Missing character: There is no Ä in font ptmb7t!
Missing character: There is no ô in font ptmb7t!
Missing character: There is no ‚ in font ptmr7t!
Missing character: There is no Ä in font ptmr7t!
Missing character: There is no ú in font ptmr7t!
Missing character: There is no ‚ in font ptmr7t!
Missing character: There is no Ä in font ptmr7t!
Missing character: There is no ù in font ptmr7t!

[1{/var/lib/texmf/fonts/map/pdftex/updmap/pdftex.map}


]
<token_shengcheng.pdf, id=10, 598.48593pt x 846.16125pt>
File: token_shengcheng.pdf Graphic file (type pdf)

<use token_shengcheng.pdf>
Package pdftex.def Info: token_shengcheng.pdf used on input line 641.
(pdftex.def)             Requested size: 418.93729pt x 592.30885pt.

Underfull \vbox (badness 7308) has occurred while \output is active []

 [2 <./token_shengcheng.pdf>]
Underfull \hbox (badness 10000) in paragraph at lines 659--662

 []

Missing character: There is no ‚ in font ptmr7t!
Missing character: There is no Ä in font ptmr7t!
Missing character: There is no ú in font ptmr7t!
Missing character: There is no ‚ in font ptmr7t!
Missing character: There is no Ä in font ptmr7t!
Missing character: There is no ù in font ptmr7t!
Missing character: There is no ‚ in font ptmr7t!
Missing character: There is no Ä in font ptmr7t!
Missing character: There is no ú in font ptmr7t!
Missing character: There is no ‚ in font ptmr7t!
Missing character: There is no Ä in font ptmr7t!
Missing character: There is no ù in font ptmr7t!

Underfull \hbox (badness 10000) in paragraph at lines 684--687

 []

[3]
Missing character: There is no Ô in font ptmr7t!
Missing character: There is no º in font ptmr7t!
Missing character: There is no å in font ptmr7t!
 <tsp.png, id=45, 598.235pt x 549.05125pt>
File: tsp.png Graphic file (type png)
 <use tsp.png>
Package pdftex.def Info: tsp.png used on input line 700.
(pdftex.def)             Requested size: 239.28975pt x 219.61661pt.
Missing character: There is no ‚ in font ptmr7t!
Missing character: There is no Ä in font ptmr7t!
Missing character: There is no ú in font ptmr7t!
Missing character: There is no ‚ in font ptmr7t!
Missing character: There is no Ä in font ptmr7t!
Missing character: There is no ù in font ptmr7t!

<zhifubiaojikuangjia.png, id=46, 875.27pt x 590.205pt>
File: zhifubiaojikuangjia.png Graphic file (type png)

<use zhifubiaojikuangjia.png>
Package pdftex.def Info: zhifubiaojikuangjia.png used on input line 709.
(pdftex.def)             Requested size: 270.30252pt x 199.16307pt.

<token_shengcheng2.pdf, id=47, 598.48593pt x 1654.68187pt>
File: token_shengcheng2.pdf Graphic file (type pdf)

<use token_shengcheng2.pdf>
Package pdftex.def Info: token_shengcheng2.pdf used on input line 738.
(pdftex.def)             Requested size: 418.93729pt x 1158.26942pt.


LaTeX Warning: Float too large for page by 485.6014pt on input line 741.

[4 <./tsp.png> <./zhifubiaojikuangjia.png>]
<TEE.pdf, id=51, 846.16125pt x 598.48593pt>
File: TEE.pdf Graphic file (type pdf)
 <use TEE.pdf>
Package pdftex.def Info: TEE.pdf used on input line 775.
(pdftex.def)             Requested size: 380.76904pt x 269.31618pt.
 [5 <./token_shengcheng2.pdf>]
Underfull \hbox (badness 2253) in paragraph at lines 812--813
\OT1/ptm/m/n/10 SIM, USIM, UIM, etc. are col-lec-tively re-ferred to as
 []

[6 <./TEE.pdf>]
Underfull \hbox (badness 10000) in paragraph at lines 822--824

 []


Underfull \hbox (badness 10000) in paragraph at lines 833--833
[]|\OT1/ptm/m/n/10 Low ex-tra
 []


Underfull \hbox (badness 10000) in paragraph at lines 833--834
[]|\OT1/ptm/m/n/10 High ex-tra
 []


Underfull \hbox (badness 3895) in paragraph at lines 837--837
[]|\OT1/ptm/m/n/10 Access Con-
 []


Underfull \hbox (badness 1688) in paragraph at lines 841--841
[]|\OT1/ptm/m/n/10 Ease of De-
 []


Underfull \hbox (badness 10000) in paragraph at lines 841--841
[]|\OT1/ptm/m/n/10 Easy with
 []


Underfull \hbox (badness 10000) in paragraph at lines 843--843
[]|\OT1/ptm/m/n/10 Processing
 []

<code49.png, id=121, 260.47313pt x 124.96687pt>
File: code49.png Graphic file (type png)
 <use code49.png>
Package pdftex.def Info: code49.png used on input line 867.
(pdftex.def)             Requested size: 260.47249pt x 124.96657pt.

<PDF417.png, id=122, 424.58624pt x 198.7425pt>
File: PDF417.png Graphic file (type png)
 <use PDF417.png>
Package pdftex.def Info: PDF417.png used on input line 874.
(pdftex.def)             Requested size: 212.2926pt x 99.371pt.
 [7 <./code49.png> <./PDF417.png>] <QRcode.pdf, id=127, 846.16125pt x 598.48593
pt>
File: QRcode.pdf Graphic file (type pdf)

<use QRcode.pdf>
Package pdftex.def Info: QRcode.pdf used on input line 885.
(pdftex.def)             Requested size: 389.2389pt x 275.30687pt.
Missing character: There is no ‚ in font ptmr7t!
Missing character: There is no Ä in font ptmr7t!
Missing character: There is no ú in font ptmr7t!
Missing character: There is no ‚ in font ptmr7t!
Missing character: There is no Ä in font ptmr7t!
Missing character: There is no ù in font ptmr7t!

<InductivelycoupledNFCantennas.png, id=128, 647.41875pt x 270.00874pt>
File: InductivelycoupledNFCantennas.png Graphic file (type png)

<use InductivelycoupledNFCantennas.png>
Package pdftex.def Info: InductivelycoupledNFCantennas.png used on input line 9
11.
(pdftex.def)             Requested size: 226.59995pt x 94.50447pt.
 [8 <./QRcode.pdf> <./InductivelycoupledNFCantennas.png>]
<EquivalentcircuitofinFigur1.png, id=141, 828.09375pt x 454.69875pt>
File: EquivalentcircuitofinFigur1.png Graphic file (type png)

<use EquivalentcircuitofinFigur1.png>
Package pdftex.def Info: EquivalentcircuitofinFigur1.png used on input line 919
.
(pdftex.def)             Requested size: 248.43004pt x 136.41068pt.

<ComparisonoNFCandotherPANtechnologies.png, id=142, 1030.85126pt x 716.6775pt>
File: ComparisonoNFCandotherPANtechnologies.png Graphic file (type png)

<use ComparisonoNFCandotherPANtechnologies.png>
Package pdftex.def Info: ComparisonoNFCandotherPANtechnologies.png used on inpu
t line 971.
(pdftex.def)             Requested size: 257.71217pt x 179.16893pt.
 [9 <./EquivalentcircuitofinFigur1.png>]
Missing character: There is no ‚ in font ptmr7t!
Missing character: There is no Ä in font ptmr7t!
Missing character: There is no ò in font ptmr7t!
Missing character: There is no ‚ in font ptmr7t!
Missing character: There is no Ä in font ptmr7t!
Missing character: There is no ô in font ptmr7t!
 <NFCinactive.png, id=150, 795.97375pt x 281.05pt>
File: NFCinactive.png Graphic file (type png)

<use NFCinactive.png>
Package pdftex.def Info: NFCinactive.png used on input line 997.
(pdftex.def)             Requested size: 238.79396pt x 84.31564pt.
 <MSTyuanjian2.png, id=151, 142.5325pt x 125.46875pt>
File: MSTyuanjian2.png Graphic file (type png)

<use MSTyuanjian2.png>
Package pdftex.def Info: MSTyuanjian2.png used on input line 1011.
(pdftex.def)             Requested size: 142.53214pt x 125.46843pt.
 [10 <./ComparisonoNFCandotherPANtechnologies.png> <./NFCinactive.png>] <Emitti
ngmagneticpulse.png, id=155, 1482.53876pt x 712.6625pt>
File: Emittingmagneticpulse.png Graphic file (type png)

<use Emittingmagneticpulse.png>
Package pdftex.def Info: Emittingmagneticpulse.png used on input line 1019.
(pdftex.def)             Requested size: 266.84546pt x 128.27371pt.
Missing character: There is no ‚ in font ptmr7t!
Missing character: There is no Ä in font ptmr7t!
Missing character: There is no ú in font ptmr7t!
Missing character: There is no ‚ in font ptmr7t!
Missing character: There is no Ä in font ptmr7t!
Missing character: There is no ù in font ptmr7t!

<yinpinwei.png, id=156, 530.98375pt x 103.38625pt>
File: yinpinwei.png Graphic file (type png)
 <use yinpinwei.png>
Package pdftex.def Info: yinpinwei.png used on input line 1047.
(pdftex.def)             Requested size: 212.38972pt x 41.35376pt.
 [11 <./MSTyuanjian2.png> <./Emittingmagneticpulse.png>]
<zhuanzhangshifu.pdf, id=160, 598.48593pt x 1654.68187pt>
File: zhuanzhangshifu.pdf Graphic file (type pdf)

<use zhuanzhangshifu.pdf>
Package pdftex.def Info: zhuanzhangshifu.pdf used on input line 1061.
(pdftex.def)             Requested size: 347.12209pt x 959.71617pt.


LaTeX Warning: Float too large for page by 287.04814pt on input line 1064.

<erweimazhifu.png, id=161, 646.415pt x 830.10126pt>
File: erweimazhifu.png Graphic file (type png)
 <use erweimazhifu.png>
Package pdftex.def Info: erweimazhifu.png used on input line 1076.
(pdftex.def)             Requested size: 284.42348pt x 365.24568pt.

[12 <./yinpinwei.png> <./zhuanzhangshifu.pdf>]
<offline.pdf, id=198, 598.48593pt x 846.16125pt>
File: offline.pdf Graphic file (type pdf)
 <use offline.pdf>
Package pdftex.def Info: offline.pdf used on input line 1091.
(pdftex.def)             Requested size: 406.96504pt x 575.38205pt.
 [13 <./erweimazhifu.png> <./offline.pdf>]
Missing character: There is no ‚ in font ptmr7t!
Missing character: There is no Ä in font ptmr7t!
Missing character: There is no ô in font ptmr7t!

Overfull \hbox (21.57419pt too wide) in paragraph at lines 1122--1126
\OML/cmm/m/it/10 HOTP\OT1/cmr/m/n/10 (\OML/cmm/m/it/10 K; C\OT1/cmr/m/n/10 ) = 
(\OML/cmm/m/it/10 Truncate\OT1/cmr/m/n/10 (\OML/cmm/m/it/10 HMAC\OT1/cmr/m/n/10
 (\OML/cmm/m/it/10 K; C\OT1/cmr/m/n/10 ))&0\OML/cmm/m/it/10 x\OT1/cmr/m/n/10 7\
OML/cmm/m/it/10 FFFFFFF\OT1/cmr/m/n/10 )[] 
 []


Underfull \hbox (badness 4518) in paragraph at lines 1133--1135
 \OT1/ptm/m/it/10 3) TOTP(Time-Based One-Time Pass-word): [][] \OT1/ptm/m/n/10 
Al-go-rithm
 []


Underfull \hbox (badness 10000) in paragraph at lines 1133--1135

 []

Missing character: There is no ‚ in font cmr10!
Missing character: There is no à in font cmr10!
Missing character: There is no í in font cmr10!

Underfull \hbox (badness 10000) in paragraph at lines 1141--1145

 []

<TOTP2.pdf, id=226, 846.16125pt x 598.48593pt>
File: TOTP2.pdf Graphic file (type pdf)
 <use TOTP2.pdf>
Package pdftex.def Info: TOTP2.pdf used on input line 1202.
(pdftex.def)             Requested size: 524.61456pt x 371.05743pt.

<QRcode.png, id=227, 544.28343pt x 453.94594pt>
File: QRcode.png Graphic file (type png)
 <use QRcode.png>
Package pdftex.def Info: QRcode.png used on input line 1208.
(pdftex.def)             Requested size: 326.57257pt x 272.36966pt.

<TOTP.pdf, id=228, 845.1575pt x 597.23125pt>
File: TOTP.pdf Graphic file (type pdf)
 <use TOTP.pdf>
Package pdftex.def Info: TOTP.pdf used on input line 1214.
(pdftex.def)             Requested size: 549.34587pt x 388.19571pt.
 [14 <./TOTP2.pdf>]
[15 <./QRcode.png> <./TOTP.pdf>]
Underfull \hbox (badness 10000) in paragraph at lines 1258--1260

 []


Underfull \hbox (badness 10000) in paragraph at lines 1261--1262

 []

Missing character: There is no „ in font ptmr7t!
Missing character: There is no Ä in font ptmr7t!
Missing character: There is no Ç in font ptmr7t!
<sanxingMST2.png, id=347, 782.925pt x 793.96625pt>
File: sanxingMST2.png Graphic file (type png)
 <use sanxingMST2.png>
Package pdftex.def Info: sanxingMST2.png used on input line 1289.
(pdftex.def)             Requested size: 274.02785pt x 277.89235pt.

<sanxingNFC2.png, id=348, 743.77875pt x 801.99625pt>
File: sanxingNFC2.png Graphic file (type png)
 <use sanxingNFC2.png>
Package pdftex.def Info: sanxingNFC2.png used on input line 1295.
(pdftex.def)             Requested size: 260.32646pt x 280.70288pt.

[16] <NFC_se.pdf, id=352, 846.16125pt x 598.48593pt>
File: NFC_se.pdf Graphic file (type pdf)
 <use NFC_se.pdf>
Package pdftex.def Info: NFC_se.pdf used on input line 1311.
(pdftex.def)             Requested size: 507.70067pt x 359.09433pt.
 [17 <./sanxingMST2.png> <./sanxingNFC2.png> <./NFC_se.pdf>] [18]
<NFC_cpu.pdf, id=385, 846.16125pt x 598.48593pt>
File: NFC_cpu.pdf Graphic file (type pdf)
 <use NFC_cpu.pdf>
Package pdftex.def Info: NFC_cpu.pdf used on input line 1361.
(pdftex.def)             Requested size: 490.77388pt x 347.12209pt.
Missing character: There is no ‚ in font ptmr7t!
Missing character: There is no Ä in font ptmr7t!
Missing character: There is no ô in font ptmr7t!
Missing character: There is no ‚ in font ptmr7t!
Missing character: There is no Ä in font ptmr7t!
Missing character: There is no ú in font ptmr7t!
Missing character: There is no ‚ in font ptmr7t!
Missing character: There is no Ä in font ptmr7t!
Missing character: There is no ù in font ptmr7t!
 [19 <./NFC_cpu.pdf>] [20] <iphone_pay.pdf, id=417, 846.16125pt x 1139.00531pt>
File: iphone_pay.pdf Graphic file (type pdf)

<use iphone_pay.pdf>
Package pdftex.def Info: iphone_pay.pdf used on input line 1410.
(pdftex.def)             Requested size: 423.07959pt x 569.50127pt.
 <iphone_tsp.pdf, id=418, 846.16125pt x 1139.00531pt>
File: iphone_tsp.pdf Graphic file (type pdf)

<use iphone_tsp.pdf>
Package pdftex.def Info: iphone_tsp.pdf used on input line 1420.
(pdftex.def)             Requested size: 313.07477pt x 421.42537pt.
 <datu.pdf, id=419, 1159.33125pt x 1654.68187pt>
File: datu.pdf Graphic file (type pdf)

<use datu.pdf>
Package pdftex.def Info: datu.pdf used on input line 1427.
(pdftex.def)             Requested size: 579.66422pt x 827.33891pt.


LaTeX Warning: Float too large for page by 154.67088pt on input line 1430.

[21 <./iphone_pay.pdf>]
Missing character: There is no ‚ in font ptmr7t!
Missing character: There is no Ä in font ptmr7t!
Missing character: There is no ú in font ptmr7t!
Missing character: There is no ‚ in font ptmri7t!
Missing character: There is no Ä in font ptmri7t!
Missing character: There is no ô in font ptmri7t!
Missing character: There is no ‚ in font ptmri7t!
Missing character: There is no Ä in font ptmri7t!
Missing character: There is no ô in font ptmri7t!
Missing character: There is no ‚ in font ptmr7t!
Missing character: There is no Ä in font ptmr7t!
Missing character: There is no ù in font ptmr7t!
Missing character: There is no ‚ in font ptmri7t!
Missing character: There is no Ä in font ptmri7t!
Missing character: There is no ú in font ptmri7t!
Missing character: There is no ‚ in font ptmri7t!
Missing character: There is no Ä in font ptmri7t!
Missing character: There is no ô in font ptmri7t!
Missing character: There is no ‚ in font ptmri7t!
Missing character: There is no Ä in font ptmri7t!
Missing character: There is no ô in font ptmri7t!
Missing character: There is no ‚ in font ptmr7t!
Missing character: There is no Ä in font ptmr7t!
Missing character: There is no ù in font ptmr7t!
Missing character: There is no ‚ in font ptmri7t!
Missing character: There is no Ä in font ptmri7t!
Missing character: There is no ú in font ptmri7t!
Missing character: There is no ‚ in font ptmri7t!
Missing character: There is no Ä in font ptmri7t!
Missing character: There is no ô in font ptmri7t!
Missing character: There is no ‚ in font ptmri7t!
Missing character: There is no Ä in font ptmri7t!
Missing character: There is no ô in font ptmri7t!
Missing character: There is no ‚ in font ptmr7t!
Missing character: There is no Ä in font ptmr7t!
Missing character: There is no ù in font ptmr7t!
Missing character: There is no ‚ in font ptmri7t!
Missing character: There is no Ä in font ptmri7t!
Missing character: There is no ú in font ptmri7t!
Missing character: There is no ‚ in font ptmr7t!
Missing character: There is no Ä in font ptmr7t!
Missing character: There is no ù in font ptmr7t!
Missing character: There is no ‚ in font ptmri7t!
Missing character: There is no Ä in font ptmri7t!
Missing character: There is no ú in font ptmri7t!
Missing character: There is no ‚ in font ptmr7t!
Missing character: There is no Ä in font ptmr7t!
Missing character: There is no ù in font ptmr7t!
Missing character: There is no ‚ in font ptmri7t!
Missing character: There is no Ä in font ptmri7t!
Missing character: There is no ú in font ptmri7t!
Missing character: There is no ‚ in font ptmr7t!
Missing character: There is no Ä in font ptmr7t!
Missing character: There is no ù in font ptmr7t!

Underfull \vbox (badness 1043) has occurred while \output is active []

Missing character: There is no √ in font ptmr7t!
Missing character: There is no ≠ in font ptmr7t!
Missing character: There is no ‚ in font ptmri7t!
Missing character: There is no Ä in font ptmri7t!
Missing character: There is no ú in font ptmri7t!
Missing character: There is no ‚ in font ptmri7t!
Missing character: There is no Ä in font ptmri7t!
Missing character: There is no ù in font ptmri7t!
Missing character: There is no ‚ in font ptmri7t!
Missing character: There is no Ä in font ptmri7t!
Missing character: There is no ú in font ptmri7t!
Missing character: There is no ‚ in font ptmri7t!
Missing character: There is no Ä in font ptmri7t!
Missing character: There is no ù in font ptmri7t!
Missing character: There is no ‚ in font ptmr7t!
Missing character: There is no Ä in font ptmr7t!
Missing character: There is no ô in font ptmr7t!
 [22 <./iphone_tsp.pdf>] [23 <./datu.pdf>] (./bare_jrnl.aux)

LaTeX Warning: There were multiply-defined labels.

 ) 
Here is how much of TeX's memory you used:
 3336 strings out of 493029
 50814 string characters out of 6136234
 125517 words of memory out of 5000000
 6806 multiletter control sequences out of 15000+600000
 46712 words of font info for 84 fonts, out of 8000000 for 9000
 1144 hyphenation exceptions out of 8191
 38i,9n,28p,2441b,342s stack positions out of 5000i,500n,10000p,200000b,80000s
{/usr/share/texlive/texmf-dist/fonts/enc/dvips/base/8r.enc}</usr/share/texliv
e/texmf-dist/fonts/type1/public/amsfonts/cm/cmmi10.pfb></usr/share/texlive/texm
f-dist/fonts/type1/public/amsfonts/cm/cmmi7.pfb></usr/share/texlive/texmf-dist/
fonts/type1/public/amsfonts/cm/cmr10.pfb></usr/share/texlive/texmf-dist/fonts/t
ype1/public/amsfonts/cm/cmr7.pfb></usr/share/texlive/texmf-dist/fonts/type1/pub
lic/amsfonts/cm/cmsy10.pfb></usr/share/texlive/texmf-dist/fonts/type1/public/am
sfonts/cm/cmsy7.pfb></usr/share/texlive/texmf-dist/fonts/type1/urw/times/utmb8a
.pfb></usr/share/texlive/texmf-dist/fonts/type1/urw/times/utmbi8a.pfb></usr/sha
re/texlive/texmf-dist/fonts/type1/urw/times/utmr8a.pfb></usr/share/texlive/texm
f-dist/fonts/type1/urw/times/utmri8a.pfb>
Output written on bare_jrnl.pdf (23 pages, 3900380 bytes).
PDF statistics:
 576 PDF objects out of 1000 (max. 8388607)
 370 compressed objects within 4 object streams
 0 named destinations out of 1000 (max. 500000)
 141 words of extra memory for PDF output out of 10000 (max. 10000000)

